<?xml version="1.0" encoding="UTF-8"?>
<!-- Generated by org.testng.reporters.JUnitXMLReporter -->
<testsuite ignored="1" hostname="Dan" failures="0" tests="14" name="Regression Test" time="63.786" errors="0" timestamp="2025-05-01T12:40:05 IST">
  <testcase classname="com.dhruvanshtanwar.xalts_submission.SignUpTest" name="testSignUp_ConfirmPasswordNotMatching_ShouldNotSucceed" time="1.185"/>
  <testcase classname="com.dhruvanshtanwar.xalts_submission.SignUpTest" name="testSignUp_WithDuplicateEmail_ShouldShowAnAlert" time="2.059"/>
  <testcase classname="com.dhruvanshtanwar.xalts_submission.SignUpTest" name="testSignUp_WithEmptyFields_ShouldNotSucceed" time="0.466"/>
  <testcase classname="com.dhruvanshtanwar.xalts_submission.SignUpTest" name="testSignUp_WithInvalidEmailFormat_ShouldNotSucceed" time="1.31"/>
  <testcase classname="com.dhruvanshtanwar.xalts_submission.SignUpTest" name="testSignUp_WithValidCredentials_ShouldSucceed" time="3.701"/>
  <testcase classname="com.dhruvanshtanwar.xalts_submission.SignUpTest" name="testSignUp_WithWeakPassword_ShouldShowValidationError" time="0.694"/>
  <testcase classname="com.dhruvanshtanwar.xalts_submission.SignOutTest" name="testSignOut_AccessGetStartedUrl_ShouldRedirectToHomePage" time="2.565"/>
  <testcase classname="com.dhruvanshtanwar.xalts_submission.SignOutTest" name="testSignOut_AccessLaunchChildNetworkPage_ShouldRedirectToHomePage" time="2.094"/>
  <testcase classname="com.dhruvanshtanwar.xalts_submission.SignOutTest" name="testSignOut_AccessOnboardingPage_ShouldRedirectToHomePage" time="2.1"/>
  <testcase classname="com.dhruvanshtanwar.xalts_submission.SignOutTest" name="testSignOut_Button_ShouldBeVisibleAfterLogin" time="1.731"/>
  <testcase classname="com.dhruvanshtanwar.xalts_submission.SignInTest" name="testSignIn_WithEmptyFields_ShouldNotProceed" time="0.679"/>
  <testcase classname="com.dhruvanshtanwar.xalts_submission.SignInTest" name="testSignIn_WithUnregisteredEmail_ShouldShowError" time="2.011"/>
  <testcase classname="com.dhruvanshtanwar.xalts_submission.SignInTest" name="testSignIn_WithValidCredentials_ShouldSucceed" time="2.475"/>
  <testcase classname="com.dhruvanshtanwar.xalts_submission.SignInTest" name="testSignIn_WithWrongPassword_ShouldShowError" time="1.798"/>
  <testcase classname="com.dhruvanshtanwar.xalts_submission.SignOutTest" name="testSignOut_WhenLoggedIn_ShouldRedirectToLogin" time="0.0">
    <ignored/>
  </testcase> <!-- testSignOut_WhenLoggedIn_ShouldRedirectToLogin -->
</testsuite> <!-- Regression Test -->
