<?xml version="1.0" encoding="UTF-8"?>
<!-- Generated by org.testng.reporters.JUnitXMLReporter -->
<testsuite ignored="11" hostname="Dan" failures="3" tests="4" name="Smoke Tests" time="0.119" errors="0" timestamp="2025-05-01T12:29:08 IST">
  <testcase classname="com.dhruvanshtanwar.xalts_submission.BaseTest" name="@AfterMethod tearDown" time="0.004">
    <failure type="java.lang.NullPointerException" message="Cannot invoke &amp;quot;org.openqa.selenium.WebDriver.quit()&amp;quot; because &amp;quot;this.driver&amp;quot; is null">
      <![CDATA[java.lang.NullPointerException: Cannot invoke "org.openqa.selenium.WebDriver.quit()" because "this.driver" is null
at com.dhruvanshtanwar.xalts_submission.BaseTest.tearDown(BaseTest.java:35)
at java.base/java.util.ArrayList.forEach(ArrayList.java:1596)
... Removed 30 stack frames]]>
    </failure>
  </testcase> <!-- @AfterMethod tearDown -->
  <testcase classname="com.dhruvanshtanwar.xalts_submission.BaseTest" name="@AfterMethod tearDown" time="0.0">
    <failure type="java.lang.NullPointerException" message="Cannot invoke &amp;quot;org.openqa.selenium.WebDriver.quit()&amp;quot; because &amp;quot;this.driver&amp;quot; is null">
      <![CDATA[java.lang.NullPointerException: Cannot invoke "org.openqa.selenium.WebDriver.quit()" because "this.driver" is null
at com.dhruvanshtanwar.xalts_submission.BaseTest.tearDown(BaseTest.java:35)
at java.base/java.util.ArrayList.forEach(ArrayList.java:1596)
... Removed 30 stack frames]]>
    </failure>
  </testcase> <!-- @AfterMethod tearDown -->
  <testcase classname="com.dhruvanshtanwar.xalts_submission.BaseTest" name="@AfterMethod tearDown" time="0.001">
    <failure type="java.lang.NullPointerException" message="Cannot invoke &amp;quot;org.openqa.selenium.WebDriver.quit()&amp;quot; because &amp;quot;this.driver&amp;quot; is null">
      <![CDATA[java.lang.NullPointerException: Cannot invoke "org.openqa.selenium.WebDriver.quit()" because "this.driver" is null
at com.dhruvanshtanwar.xalts_submission.BaseTest.tearDown(BaseTest.java:35)
at java.base/java.util.ArrayList.forEach(ArrayList.java:1596)
... Removed 30 stack frames]]>
    </failure>
  </testcase> <!-- @AfterMethod tearDown -->
  <testcase classname="com.dhruvanshtanwar.xalts_submission.BaseTest" name="@AfterMethod tearDown" time="0.001">
    <failure type="java.lang.NullPointerException" message="Cannot invoke &amp;quot;org.openqa.selenium.WebDriver.quit()&amp;quot; because &amp;quot;this.driver&amp;quot; is null">
      <![CDATA[java.lang.NullPointerException: Cannot invoke "org.openqa.selenium.WebDriver.quit()" because "this.driver" is null
at com.dhruvanshtanwar.xalts_submission.BaseTest.tearDown(BaseTest.java:35)
at java.base/java.util.ArrayList.forEach(ArrayList.java:1596)
... Removed 30 stack frames]]>
    </failure>
  </testcase> <!-- @AfterMethod tearDown -->
  <testcase classname="com.dhruvanshtanwar.xalts_submission.SignInTest" name="testSignIn_WithValidCredentials_ShouldSucceed" time="0.015">
    <failure type="java.lang.NullPointerException" message="Cannot invoke &amp;quot;com.dhruvanshtanwar.PageObjects.SignInPage.loginWithCredentials(String, String)&amp;quot; because &amp;quot;this.signInPageObject&amp;quot; is null">
      <![CDATA[java.lang.NullPointerException: Cannot invoke "com.dhruvanshtanwar.PageObjects.SignInPage.loginWithCredentials(String, String)" because "this.signInPageObject" is null
at com.dhruvanshtanwar.xalts_submission.SignInTest.testSignIn_WithValidCredentials_ShouldSucceed(SignInTest.java:23)
at java.base/java.util.ArrayList.forEach(ArrayList.java:1596)
... Removed 25 stack frames]]>
    </failure>
  </testcase> <!-- testSignIn_WithValidCredentials_ShouldSucceed -->
  <testcase classname="com.dhruvanshtanwar.xalts_submission.SignOutTest" name="testSignOut_Button_ShouldBeVisibleAfterLogin" time="0.002">
    <failure type="java.lang.NullPointerException" message="Cannot invoke &amp;quot;com.dhruvanshtanwar.PageObjects.SignInPage.verifySignOutButtonIsVisible()&amp;quot; because &amp;quot;this.signInPageObject&amp;quot; is null">
      <![CDATA[java.lang.NullPointerException: Cannot invoke "com.dhruvanshtanwar.PageObjects.SignInPage.verifySignOutButtonIsVisible()" because "this.signInPageObject" is null
at com.dhruvanshtanwar.xalts_submission.SignOutTest.testSignOut_Button_ShouldBeVisibleAfterLogin(SignOutTest.java:38)
at java.base/java.util.ArrayList.forEach(ArrayList.java:1596)
... Removed 25 stack frames]]>
    </failure>
  </testcase> <!-- testSignOut_Button_ShouldBeVisibleAfterLogin -->
  <testcase classname="com.dhruvanshtanwar.xalts_submission.SignOutTest" name="testSignOut_WhenLoggedIn_ShouldRedirectToLogin" time="0.0">
    <skipped/>
  </testcase> <!-- testSignOut_WhenLoggedIn_ShouldRedirectToLogin -->
  <testcase classname="com.dhruvanshtanwar.xalts_submission.SignUpTest" name="testSignUp_WithValidCredentials_ShouldSucceed" time="0.003">
    <failure type="java.lang.NullPointerException" message="Cannot invoke &amp;quot;com.dhruvanshtanwar.PageObjects.SignInPage.signUpWithNewAccount(String, String, String)&amp;quot; because &amp;quot;this.signInPageObject&amp;quot; is null">
      <![CDATA[java.lang.NullPointerException: Cannot invoke "com.dhruvanshtanwar.PageObjects.SignInPage.signUpWithNewAccount(String, String, String)" because "this.signInPageObject" is null
at com.dhruvanshtanwar.xalts_submission.SignUpTest.testSignUp_WithValidCredentials_ShouldSucceed(SignUpTest.java:27)
at java.base/java.util.ArrayList.forEach(ArrayList.java:1596)
... Removed 25 stack frames]]>
    </failure>
  </testcase> <!-- testSignUp_WithValidCredentials_ShouldSucceed -->
  <testcase classname="com.dhruvanshtanwar.xalts_submission.SignOutTest" name="testSignOut_AccessLaunchChildNetworkPage_ShouldRedirectToHomePage" time="0.0">
    <ignored/>
  </testcase> <!-- testSignOut_AccessLaunchChildNetworkPage_ShouldRedirectToHomePage -->
  <testcase classname="com.dhruvanshtanwar.xalts_submission.SignInTest" name="testSignIn_WithEmptyFields_ShouldNotProceed" time="0.0">
    <ignored/>
  </testcase> <!-- testSignIn_WithEmptyFields_ShouldNotProceed -->
  <testcase classname="com.dhruvanshtanwar.xalts_submission.SignInTest" name="testSignIn_WithUnregisteredEmail_ShouldShowError" time="0.0">
    <ignored/>
  </testcase> <!-- testSignIn_WithUnregisteredEmail_ShouldShowError -->
  <testcase classname="com.dhruvanshtanwar.xalts_submission.SignUpTest" name="testSignUp_WithDuplicateEmail_ShouldShowAnAlert" time="0.0">
    <ignored/>
  </testcase> <!-- testSignUp_WithDuplicateEmail_ShouldShowAnAlert -->
  <testcase classname="com.dhruvanshtanwar.xalts_submission.SignUpTest" name="testSignUp_ConfirmPasswordNotMatching_ShouldNotSucceed" time="0.0">
    <ignored/>
  </testcase> <!-- testSignUp_ConfirmPasswordNotMatching_ShouldNotSucceed -->
  <testcase classname="com.dhruvanshtanwar.xalts_submission.SignOutTest" name="testSignOut_AccessOnboardingPage_ShouldRedirectToHomePage" time="0.0">
    <ignored/>
  </testcase> <!-- testSignOut_AccessOnboardingPage_ShouldRedirectToHomePage -->
  <testcase classname="com.dhruvanshtanwar.xalts_submission.SignUpTest" name="testSignUp_WithEmptyFields_ShouldNotSucceed" time="0.0">
    <ignored/>
  </testcase> <!-- testSignUp_WithEmptyFields_ShouldNotSucceed -->
  <testcase classname="com.dhruvanshtanwar.xalts_submission.SignUpTest" name="testSignUp_WithWeakPassword_ShouldShowValidationError" time="0.0">
    <ignored/>
  </testcase> <!-- testSignUp_WithWeakPassword_ShouldShowValidationError -->
  <testcase classname="com.dhruvanshtanwar.xalts_submission.SignInTest" name="testSignIn_WithWrongPassword_ShouldShowError" time="0.0">
    <ignored/>
  </testcase> <!-- testSignIn_WithWrongPassword_ShouldShowError -->
  <testcase classname="com.dhruvanshtanwar.xalts_submission.SignUpTest" name="testSignUp_WithInvalidEmailFormat_ShouldNotSucceed" time="0.0">
    <ignored/>
  </testcase> <!-- testSignUp_WithInvalidEmailFormat_ShouldNotSucceed -->
  <testcase classname="com.dhruvanshtanwar.xalts_submission.SignOutTest" name="testSignOut_AccessGetStartedUrl_ShouldRedirectToHomePage" time="0.0">
    <ignored/>
  </testcase> <!-- testSignOut_AccessGetStartedUrl_ShouldRedirectToHomePage -->
</testsuite> <!-- Smoke Tests -->
