<?xml version="1.0" encoding="UTF-8"?>
<!-- Generated by org.testng.reporters.JUnitXMLReporter -->
<testsuite ignored="11" hostname="Dan" failures="0" tests="4" name="Smoke Test" time="13.533" errors="0" timestamp="2025-05-01T12:40:58 IST">
  <testcase classname="com.dhruvanshtanwar.xalts_submission.SignUpTest" name="testSignUp_WithValidCredentials_ShouldSucceed" time="2.864"/>
  <testcase classname="com.dhruvanshtanwar.xalts_submission.SignOutTest" name="testSignOut_Button_ShouldBeVisibleAfterLogin" time="1.939"/>
  <testcase classname="com.dhruvanshtanwar.xalts_submission.SignInTest" name="testSignIn_WithValidCredentials_ShouldSucceed" time="3.092"/>
  <testcase classname="com.dhruvanshtanwar.xalts_submission.SignOutTest" name="testSignOut_WhenLoggedIn_ShouldRedirectToLogin" time="2.134"/>
  <testcase classname="com.dhruvanshtanwar.xalts_submission.SignOutTest" name="testSignOut_AccessGetStartedUrl_ShouldRedirectToHomePage" time="0.0">
    <ignored/>
  </testcase> <!-- testSignOut_AccessGetStartedUrl_ShouldRedirectToHomePage -->
  <testcase classname="com.dhruvanshtanwar.xalts_submission.SignOutTest" name="testSignOut_AccessLaunchChildNetworkPage_ShouldRedirectToHomePage" time="0.0">
    <ignored/>
  </testcase> <!-- testSignOut_AccessLaunchChildNetworkPage_ShouldRedirectToHomePage -->
  <testcase classname="com.dhruvanshtanwar.xalts_submission.SignInTest" name="testSignIn_WithUnregisteredEmail_ShouldShowError" time="0.0">
    <ignored/>
  </testcase> <!-- testSignIn_WithUnregisteredEmail_ShouldShowError -->
  <testcase classname="com.dhruvanshtanwar.xalts_submission.SignUpTest" name="testSignUp_WithEmptyFields_ShouldNotSucceed" time="0.0">
    <ignored/>
  </testcase> <!-- testSignUp_WithEmptyFields_ShouldNotSucceed -->
  <testcase classname="com.dhruvanshtanwar.xalts_submission.SignUpTest" name="testSignUp_WithWeakPassword_ShouldShowValidationError" time="0.0">
    <ignored/>
  </testcase> <!-- testSignUp_WithWeakPassword_ShouldShowValidationError -->
  <testcase classname="com.dhruvanshtanwar.xalts_submission.SignInTest" name="testSignIn_WithWrongPassword_ShouldShowError" time="0.0">
    <ignored/>
  </testcase> <!-- testSignIn_WithWrongPassword_ShouldShowError -->
  <testcase classname="com.dhruvanshtanwar.xalts_submission.SignUpTest" name="testSignUp_WithDuplicateEmail_ShouldShowAnAlert" time="0.0">
    <ignored/>
  </testcase> <!-- testSignUp_WithDuplicateEmail_ShouldShowAnAlert -->
  <testcase classname="com.dhruvanshtanwar.xalts_submission.SignUpTest" name="testSignUp_ConfirmPasswordNotMatching_ShouldNotSucceed" time="0.0">
    <ignored/>
  </testcase> <!-- testSignUp_ConfirmPasswordNotMatching_ShouldNotSucceed -->
  <testcase classname="com.dhruvanshtanwar.xalts_submission.SignOutTest" name="testSignOut_AccessOnboardingPage_ShouldRedirectToHomePage" time="0.0">
    <ignored/>
  </testcase> <!-- testSignOut_AccessOnboardingPage_ShouldRedirectToHomePage -->
  <testcase classname="com.dhruvanshtanwar.xalts_submission.SignUpTest" name="testSignUp_WithInvalidEmailFormat_ShouldNotSucceed" time="0.0">
    <ignored/>
  </testcase> <!-- testSignUp_WithInvalidEmailFormat_ShouldNotSucceed -->
  <testcase classname="com.dhruvanshtanwar.xalts_submission.SignInTest" name="testSignIn_WithEmptyFields_ShouldNotProceed" time="0.0">
    <ignored/>
  </testcase> <!-- testSignIn_WithEmptyFields_ShouldNotProceed -->
</testsuite> <!-- Smoke Test -->
