<?xml version="1.0" encoding="UTF-8"?>
<!-- Generated by org.testng.reporters.JUnitXMLReporter -->
<testsuite ignored="0" hostname="Dan" failures="0" tests="15" name="Surefire test" time="53.597" errors="0" timestamp="2025-05-01T14:50:59 IST">
  <testcase classname="tests.SignInTest" name="testSignIn_WithEmptyFields_ShouldNotProceed" time="0.381"/>
  <testcase classname="tests.SignInTest" name="testSignIn_WithUnregisteredEmail_ShouldShowError" time="1.637"/>
  <testcase classname="tests.SignInTest" name="testSignIn_WithValidCredentials_ShouldSucceed" time="2.126"/>
  <testcase classname="tests.SignInTest" name="testSignIn_WithWrongPassword_ShouldShowError" time="1.625"/>
  <testcase classname="tests.SignOutTest" name="testSignOut_AccessGetStartedUrl_ShouldRedirectToHomePage" time="1.977"/>
  <testcase classname="tests.SignOutTest" name="testSignOut_AccessLaunchChildNetworkPage_ShouldRedirectToHomePage" time="1.993"/>
  <testcase classname="tests.SignOutTest" name="testSignOut_AccessOnboardingPage_ShouldRedirectToHomePage" time="1.946"/>
  <testcase classname="tests.SignOutTest" name="testSignOut_Button_ShouldBeVisibleAfterLogin" time="1.401"/>
  <testcase classname="tests.SignOutTest" name="testSignOut_WhenLoggedIn_ShouldRedirectToLogin" time="2.146"/>
  <testcase classname="tests.SignUpTest" name="testSignUp_ConfirmPasswordNotMatching_ShouldNotSucceed" time="0.445"/>
  <testcase classname="tests.SignUpTest" name="testSignUp_WithDuplicateEmail_ShouldShowAnAlert" time="1.568"/>
  <testcase classname="tests.SignUpTest" name="testSignUp_WithEmptyFields_ShouldNotSucceed" time="0.34"/>
  <testcase classname="tests.SignUpTest" name="testSignUp_WithInvalidEmailFormat_ShouldNotSucceed" time="0.42"/>
  <testcase classname="tests.SignUpTest" name="testSignUp_WithValidCredentials_ShouldSucceed" time="3.18"/>
  <testcase classname="tests.SignUpTest" name="testSignUp_WithWeakPassword_ShouldShowValidationError" time="0.562"/>
</testsuite> <!-- Surefire test -->
