<?xml version="1.0" encoding="UTF-8"?>
<!-- Generated by org.testng.reporters.JUnitXMLReporter -->
<testsuite ignored="4" hostname="Dan" failures="0" tests="1" name="Default test" time="4.777" errors="0" timestamp="2025-05-01T10:47:27 IST">
  <testcase classname="com.dhruvanshtanwar.xalts_submission.SignOutTest" name="testSignOut_AccessLaunchChildNetworkPage_ShouldRedirectToHomePage" time="1.768"/>
  <testcase classname="com.dhruvanshtanwar.xalts_submission.SignOutTest" name="testSignOut_WhenLoggedIn_ShouldRedirectToLogin" time="0.0">
    <ignored/>
  </testcase> <!-- testSignOut_WhenLoggedIn_ShouldRedirectToLogin -->
  <testcase classname="com.dhruvanshtanwar.xalts_submission.SignOutTest" name="testSignOut_AccessOnboardingPage_ShouldRedirectToHomePage" time="0.0">
    <ignored/>
  </testcase> <!-- testSignOut_AccessOnboardingPage_ShouldRedirectToHomePage -->
  <testcase classname="com.dhruvanshtanwar.xalts_submission.SignOutTest" name="testSignOut_AccessGetStartedUrl_ShouldRedirectToHomePage" time="0.0">
    <ignored/>
  </testcase> <!-- testSignOut_AccessGetStartedUrl_ShouldRedirectToHomePage -->
  <testcase classname="com.dhruvanshtanwar.xalts_submission.SignOutTest" name="testSignOut_Button_ShouldBeVisibleAfterLogin" time="0.0">
    <ignored/>
  </testcase> <!-- testSignOut_Button_ShouldBeVisibleAfterLogin -->
</testsuite> <!-- Default test -->
