<?xml version="1.0" encoding="UTF-8"?>
<!-- Generated by org.testng.reporters.JUnitXMLReporter -->
<testsuite ignored="1" hostname="Dan" failures="0" tests="14" name="Regression Test" time="26.743" errors="0" timestamp="2025-05-01T12:41:44 IST">
  <testcase classname="com.dhruvanshtanwar.xalts_submission.SignInTest" name="testSignIn_WithEmptyFields_ShouldNotProceed" time="0.521"/>
  <testcase classname="com.dhruvanshtanwar.xalts_submission.SignUpTest" name="testSignUp_ConfirmPasswordNotMatching_ShouldNotSucceed" time="1.2"/>
  <testcase classname="com.dhruvanshtanwar.xalts_submission.SignOutTest" name="testSignOut_AccessGetStartedUrl_ShouldRedirectToHomePage" time="2.0"/>
  <testcase classname="com.dhruvanshtanwar.xalts_submission.SignInTest" name="testSignIn_WithUnregisteredEmail_ShouldShowError" time="1.945"/>
  <testcase classname="com.dhruvanshtanwar.xalts_submission.SignUpTest" name="testSignUp_WithDuplicateEmail_ShouldShowAnAlert" time="1.865"/>
  <testcase classname="com.dhruvanshtanwar.xalts_submission.SignOutTest" name="testSignOut_AccessLaunchChildNetworkPage_ShouldRedirectToHomePage" time="1.888"/>
  <testcase classname="com.dhruvanshtanwar.xalts_submission.SignUpTest" name="testSignUp_WithEmptyFields_ShouldNotSucceed" time="0.59"/>
  <testcase classname="com.dhruvanshtanwar.xalts_submission.SignInTest" name="testSignIn_WithValidCredentials_ShouldSucceed" time="2.52"/>
  <testcase classname="com.dhruvanshtanwar.xalts_submission.SignUpTest" name="testSignUp_WithInvalidEmailFormat_ShouldNotSucceed" time="0.681"/>
  <testcase classname="com.dhruvanshtanwar.xalts_submission.SignInTest" name="testSignIn_WithWrongPassword_ShouldShowError" time="2.275"/>
  <testcase classname="com.dhruvanshtanwar.xalts_submission.SignOutTest" name="testSignOut_AccessOnboardingPage_ShouldRedirectToHomePage" time="2.233"/>
  <testcase classname="com.dhruvanshtanwar.xalts_submission.SignUpTest" name="testSignUp_WithValidCredentials_ShouldSucceed" time="3.019"/>
  <testcase classname="com.dhruvanshtanwar.xalts_submission.SignOutTest" name="testSignOut_Button_ShouldBeVisibleAfterLogin" time="1.56"/>
  <testcase classname="com.dhruvanshtanwar.xalts_submission.SignUpTest" name="testSignUp_WithWeakPassword_ShouldShowValidationError" time="1.311"/>
  <testcase classname="com.dhruvanshtanwar.xalts_submission.SignOutTest" name="testSignOut_WhenLoggedIn_ShouldRedirectToLogin" time="0.0">
    <ignored/>
  </testcase> <!-- testSignOut_WhenLoggedIn_ShouldRedirectToLogin -->
</testsuite> <!-- Regression Test -->
