<?xml version="1.0" encoding="UTF-8"?>
<!-- Generated by org.testng.reporters.JUnitXMLReporter -->
<testsuite ignored="0" hostname="Dan" failures="0" tests="6" name="Sign-up-Tests" time="26.73" errors="0" timestamp="2025-05-01T12:56:10 IST">
  <testcase classname="tests.SignUpTest" name="testSignUp_ConfirmPasswordNotMatching_ShouldNotSucceed" time="1.085"/>
  <testcase classname="tests.SignUpTest" name="testSignUp_WithDuplicateEmail_ShouldShowAnAlert" time="2.52"/>
  <testcase classname="tests.SignUpTest" name="testSignUp_WithEmptyFields_ShouldNotSucceed" time="0.517"/>
  <testcase classname="tests.SignUpTest" name="testSignUp_WithInvalidEmailFormat_ShouldNotSucceed" time="0.7"/>
  <testcase classname="tests.SignUpTest" name="testSignUp_WithValidCredentials_ShouldSucceed" time="3.106"/>
  <testcase classname="tests.SignUpTest" name="testSignUp_WithWeakPassword_ShouldShowValidationError" time="0.92"/>
</testsuite> <!-- Sign-up-Tests -->
