<?xml version="1.0" encoding="UTF-8"?>
<!-- Generated by org.testng.reporters.JUnitXMLReporter -->
<testsuite ignored="0" hostname="Dan" failures="0" tests="4" name="Sign-in-Tests" time="13.424" errors="0" timestamp="2025-05-01T14:26:06 IST">
  <testcase classname="tests.SignInTest" name="testSignIn_WithEmptyFields_ShouldNotProceed" time="0.344"/>
  <testcase classname="tests.SignInTest" name="testSignIn_WithUnregisteredEmail_ShouldShowError" time="1.594"/>
  <testcase classname="tests.SignInTest" name="testSignIn_WithValidCredentials_ShouldSucceed" time="2.013"/>
  <testcase classname="tests.SignInTest" name="testSignIn_WithWrongPassword_ShouldShowError" time="1.492"/>
</testsuite> <!-- Sign-in-Tests -->
