<?xml version="1.0" encoding="UTF-8"?>
<!-- Generated by org.testng.reporters.JUnitReportReporter -->
<testsuite hostname="Dan" failures="0" tests="6" name="com.dhruvanshtanwar.xalts_submission.SignUpTest" time="26.647" errors="0" timestamp="2025-05-01T12:41:44 IST" skipped="0">
  <testcase classname="com.dhruvanshtanwar.xalts_submission.SignUpTest" name="testSignUp_WithInvalidEmailFormat_ShouldNotSucceed" time="3.115"/>
  <testcase classname="com.dhruvanshtanwar.xalts_submission.SignUpTest" name="testSignUp_ConfirmPasswordNotMatching_ShouldNotSucceed" time="5.624"/>
  <testcase classname="com.dhruvanshtanwar.xalts_submission.SignUpTest" name="testSignUp_WithEmptyFields_ShouldNotSucceed" time="3.613"/>
  <testcase classname="com.dhruvanshtanwar.xalts_submission.SignUpTest" name="testSignUp_WithValidCredentials_ShouldSucceed" time="5.556"/>
  <testcase classname="com.dhruvanshtanwar.xalts_submission.SignUpTest" name="testSignUp_WithWeakPassword_ShouldShowValidationError" time="4.171"/>
  <testcase classname="com.dhruvanshtanwar.xalts_submission.SignUpTest" name="testSignUp_WithDuplicateEmail_ShouldShowAnAlert" time="4.568"/>
</testsuite> <!-- com.dhruvanshtanwar.xalts_submission.SignUpTest -->
