<?xml version="1.0" encoding="UTF-8"?>
<!-- Generated by org.testng.reporters.JUnitReportReporter -->
<testsuite hostname="Dan" failures="0" tests="4" name="com.dhruvanshtanwar.xalts_submission.SignInTest" time="18.012" errors="0" timestamp="2025-05-01T12:51:05 IST" skipped="0">
  <testcase classname="com.dhruvanshtanwar.xalts_submission.SignInTest" name="testSignIn_WithEmptyFields_ShouldNotProceed" time="2.988"/>
  <testcase classname="com.dhruvanshtanwar.xalts_submission.SignInTest" name="testSignIn_WithValidCredentials_ShouldSucceed" time="4.904"/>
  <testcase classname="com.dhruvanshtanwar.xalts_submission.SignInTest" name="testSignIn_WithWrongPassword_ShouldShowError" time="4.494"/>
  <testcase classname="com.dhruvanshtanwar.xalts_submission.SignInTest" name="testSignIn_WithUnregisteredEmail_ShouldShowError" time="5.626"/>
</testsuite> <!-- com.dhruvanshtanwar.xalts_submission.SignInTest -->
