<?xml version="1.0" encoding="UTF-8"?>
<!-- Generated by org.testng.reporters.JUnitReportReporter -->
<testsuite hostname="Dan" failures="0" tests="4" name="com.dhruvanshtanwar.xalts_submission.SignOutTest" time="24.188" errors="0" timestamp="2025-05-01T12:41:44 IST" skipped="0">
  <testcase classname="com.dhruvanshtanwar.xalts_submission.SignOutTest" name="testSignOut_AccessOnboardingPage_ShouldRedirectToHomePage" time="5.740"/>
  <testcase classname="com.dhruvanshtanwar.xalts_submission.SignOutTest" name="testSignOut_Button_ShouldBeVisibleAfterLogin" time="5.045"/>
  <testcase classname="com.dhruvanshtanwar.xalts_submission.SignOutTest" name="testSignOut_AccessGetStartedUrl_ShouldRedirectToHomePage" time="6.983"/>
  <testcase classname="com.dhruvanshtanwar.xalts_submission.SignOutTest" name="testSignOut_AccessLaunchChildNetworkPage_ShouldRedirectToHomePage" time="6.420"/>
</testsuite> <!-- com.dhruvanshtanwar.xalts_submission.SignOutTest -->
