<?xml version="1.0" encoding="UTF-8"?>
<!-- Generated by org.testng.reporters.JUnitReportReporter -->
<testsuite hostname="Dan" failures="0" tests="4" name="tests.SignInTest" time="12.774" errors="0" timestamp="2025-05-01T14:26:07 IST" skipped="0">
  <testcase classname="tests.SignInTest" name="testSignIn_WithEmptyFields_ShouldNotProceed" time="2.650"/>
  <testcase classname="tests.SignInTest" name="testSignIn_WithUnregisteredEmail_ShouldShowError" time="3.309"/>
  <testcase classname="tests.SignInTest" name="testSignIn_WithValidCredentials_ShouldSucceed" time="3.649"/>
  <testcase classname="tests.SignInTest" name="testSignIn_WithWrongPassword_ShouldShowError" time="3.166"/>
</testsuite> <!-- tests.SignInTest -->
