<?xml version="1.0" encoding="UTF-8"?>
<!-- Generated by org.testng.reporters.JUnitReportReporter -->
<testsuite hostname="Dan" failures="0" tests="4" name="tests.SignInTest" time="13.873" errors="0" timestamp="2025-05-01T14:50:59 IST" skipped="0">
  <testcase classname="tests.SignInTest" name="testSignIn_WithWrongPassword_ShouldShowError" time="4.198"/>
  <testcase classname="tests.SignInTest" name="testSignIn_WithUnregisteredEmail_ShouldShowError" time="3.474"/>
  <testcase classname="tests.SignInTest" name="testSignIn_WithEmptyFields_ShouldNotProceed" time="2.140"/>
  <testcase classname="tests.SignInTest" name="testSignIn_WithValidCredentials_ShouldSucceed" time="4.061"/>
</testsuite> <!-- tests.SignInTest -->
