<?xml version="1.0" encoding="UTF-8"?>
<!-- Generated by org.testng.reporters.JUnitReportReporter -->
<testsuite hostname="Dan" failures="0" tests="6" name="tests.SignUpTest" time="18.022" errors="0" timestamp="2025-05-01T14:50:59 IST" skipped="0">
  <testcase classname="tests.SignUpTest" name="testSignUp_WithInvalidEmailFormat_ShouldNotSucceed" time="2.325"/>
  <testcase classname="tests.SignUpTest" name="testSignUp_WithWeakPassword_ShouldShowValidationError" time="2.389"/>
  <testcase classname="tests.SignUpTest" name="testSignUp_WithEmptyFields_ShouldNotSucceed" time="2.337"/>
  <testcase classname="tests.SignUpTest" name="testSignUp_ConfirmPasswordNotMatching_ShouldNotSucceed" time="2.259"/>
  <testcase classname="tests.SignUpTest" name="testSignUp_WithDuplicateEmail_ShouldShowAnAlert" time="3.539"/>
  <testcase classname="tests.SignUpTest" name="testSignUp_WithValidCredentials_ShouldSucceed" time="5.173"/>
</testsuite> <!-- tests.SignUpTest -->
