<?xml version="1.0" encoding="UTF-8"?>
<!-- Generated by org.testng.reporters.JUnitReportReporter -->
<testsuite hostname="Dan" failures="0" tests="5" name="tests.SignOutTest" time="21.625" errors="0" timestamp="2025-05-01T14:50:59 IST" skipped="0">
  <testcase classname="tests.SignOutTest" name="testSignOut_WhenLoggedIn_ShouldRedirectToLogin" time="4.498"/>
  <testcase classname="tests.SignOutTest" name="testSignOut_Button_ShouldBeVisibleAfterLogin" time="3.737"/>
  <testcase classname="tests.SignOutTest" name="testSignOut_AccessOnboardingPage_ShouldRedirectToHomePage" time="4.385"/>
  <testcase classname="tests.SignOutTest" name="testSignOut_AccessGetStartedUrl_ShouldRedirectToHomePage" time="4.459"/>
  <testcase classname="tests.SignOutTest" name="testSignOut_AccessLaunchChildNetworkPage_ShouldRedirectToHomePage" time="4.546"/>
</testsuite> <!-- tests.SignOutTest -->
