<?xml version="1.0" encoding="UTF-8"?>
<!-- Generated by org.testng.reporters.JUnitXMLReporter -->
<testsuite ignored="0" hostname="Dan" failures="1" tests="15" name="All-Test" time="25.135" errors="0" timestamp="2025-05-01T14:24:43 IST">
  <testcase classname="tests.SignInTest" name="testSignIn_WithEmptyFields_ShouldNotProceed" time="0.464"/>
  <testcase classname="tests.SignUpTest" name="testSignUp_ConfirmPasswordNotMatching_ShouldNotSucceed" time="0.77"/>
  <testcase classname="tests.SignOutTest" name="testSignOut_AccessGetStartedUrl_ShouldRedirectToHomePage" time="2.009"/>
  <testcase classname="tests.SignInTest" name="testSignIn_WithUnregisteredEmail_ShouldShowError" time="1.819"/>
  <testcase classname="tests.SignUpTest" name="testSignUp_WithDuplicateEmail_ShouldShowAnAlert" time="1.83"/>
  <testcase classname="tests.SignUpTest" name="testSignUp_WithEmptyFields_ShouldNotSucceed" time="0.36"/>
  <testcase classname="tests.SignOutTest" name="testSignOut_AccessLaunchChildNetworkPage_ShouldRedirectToHomePage" time="2.14"/>
  <testcase classname="tests.SignInTest" name="testSignIn_WithValidCredentials_ShouldSucceed" time="2.12"/>
  <testcase classname="tests.SignUpTest" name="testSignUp_WithInvalidEmailFormat_ShouldNotSucceed" time="0.644"/>
  <testcase classname="tests.SignInTest" name="testSignIn_WithWrongPassword_ShouldShowError" time="1.473"/>
  <testcase classname="tests.SignOutTest" name="testSignOut_AccessOnboardingPage_ShouldRedirectToHomePage" time="1.998"/>
  <testcase classname="tests.SignUpTest" name="testSignUp_WithValidCredentials_ShouldSucceed" time="3.04">
    <failure type="org.openqa.selenium.NoSuchElementException" message="no such element: Unable to locate element: {&amp;quot;method&amp;quot;:&amp;quot;xpath&amp;quot;,&amp;quot;selector&amp;quot;:&amp;quot;//div[@class=&amp;apos;App&amp;apos;]//div[1]//div[1]//input[1]&amp;quot;}
  (Session info: chrome=126.0.6478.127)
For documentation on this error, please visit: https://www.selenium.dev/documentation/webdriver/troubleshooting/errors#no-such-element-exception
Build info: version: &amp;apos;4.28.1&amp;apos;, revision: &amp;apos;73f5ad48a2&amp;apos;
System info: os.name: &amp;apos;Windows 11&amp;apos;, os.arch: &amp;apos;amd64&amp;apos;, os.version: &amp;apos;10.0&amp;apos;, java.version: &amp;apos;21.0.2&amp;apos;
Driver info: org.openqa.selenium.chrome.ChromeDriver
Command: [35c0d9311a249275c2710965ffb6051b, findElement {value=//div[@class=&amp;apos;App&amp;apos;]//div[1]//div[1]//input[1], using=xpath}]
Capabilities {acceptInsecureCerts: false, browserName: chrome, browserVersion: 126.0.6478.127, chrome: {chromedriverVersion: 126.0.6478.182 (5b5d8292ddf..., userDataDir: C:\Users\dhruv\AppData\Loca...}, fedcm:accounts: true, goog:chromeOptions: {debuggerAddress: localhost:59045}, networkConnectionEnabled: false, pageLoadStrategy: normal, platformName: windows, proxy: Proxy(), se:cdp: ws://localhost:59045/devtoo..., se:cdpVersion: 126.0.6478.127, setWindowRect: true, strictFileInteractability: false, timeouts: {implicit: 0, pageLoad: 300000, script: 30000}, unhandledPromptBehavior: dismiss and notify, webauthn:extension:credBlob: true, webauthn:extension:largeBlob: true, webauthn:extension:minPinLength: true, webauthn:extension:prf: true, webauthn:virtualAuthenticators: true}
Session ID: 35c0d9311a249275c2710965ffb6051b">
      <![CDATA[org.openqa.selenium.NoSuchElementException: no such element: Unable to locate element: {"method":"xpath","selector":"//div[@class='App']//div[1]//div[1]//input[1]"}
  (Session info: chrome=126.0.6478.127)
For documentation on this error, please visit: https://www.selenium.dev/documentation/webdriver/troubleshooting/errors#no-such-element-exception
Build info: version: '4.28.1', revision: '73f5ad48a2'
System info: os.name: 'Windows 11', os.arch: 'amd64', os.version: '10.0', java.version: '21.0.2'
Driver info: org.openqa.selenium.chrome.ChromeDriver
Command: [35c0d9311a249275c2710965ffb6051b, findElement {value=//div[@class='App']//div[1]//div[1]//input[1], using=xpath}]
Capabilities {acceptInsecureCerts: false, browserName: chrome, browserVersion: 126.0.6478.127, chrome: {chromedriverVersion: 126.0.6478.182 (5b5d8292ddf..., userDataDir: C:\Users\dhruv\AppData\Loca...}, fedcm:accounts: true, goog:chromeOptions: {debuggerAddress: localhost:59045}, networkConnectionEnabled: false, pageLoadStrategy: normal, platformName: windows, proxy: Proxy(), se:cdp: ws://localhost:59045/devtoo..., se:cdpVersion: 126.0.6478.127, setWindowRect: true, strictFileInteractability: false, timeouts: {implicit: 0, pageLoad: 300000, script: 30000}, unhandledPromptBehavior: dismiss and notify, webauthn:extension:credBlob: true, webauthn:extension:largeBlob: true, webauthn:extension:minPinLength: true, webauthn:extension:prf: true, webauthn:virtualAuthenticators: true}
Session ID: 35c0d9311a249275c2710965ffb6051b
at org.openqa.selenium.remote.ErrorCodec.decode(ErrorCodec.java:167)
at org.openqa.selenium.remote.codec.w3c.W3CHttpResponseCodec.decode(W3CHttpResponseCodec.java:138)
at org.openqa.selenium.remote.codec.w3c.W3CHttpResponseCodec.decode(W3CHttpResponseCodec.java:50)
at org.openqa.selenium.remote.HttpCommandExecutor.execute(HttpCommandExecutor.java:215)
at org.openqa.selenium.remote.service.DriverCommandExecutor.invokeExecute(DriverCommandExecutor.java:216)
at org.openqa.selenium.remote.service.DriverCommandExecutor.execute(DriverCommandExecutor.java:174)
at org.openqa.selenium.remote.RemoteWebDriver.execute(RemoteWebDriver.java:545)
at org.openqa.selenium.remote.ElementLocation$ElementFinder$2.findElement(ElementLocation.java:165)
at org.openqa.selenium.remote.ElementLocation.findElement(ElementLocation.java:59)
at org.openqa.selenium.remote.RemoteWebDriver.findElement(RemoteWebDriver.java:368)
at org.openqa.selenium.remote.RemoteWebDriver.findElement(RemoteWebDriver.java:362)
at org.openqa.selenium.support.pagefactory.DefaultElementLocator.findElement(DefaultElementLocator.java:68)
at org.openqa.selenium.support.pagefactory.internal.LocatingElementHandler.invoke(LocatingElementHandler.java:38)
at jdk.proxy2/jdk.proxy2.$Proxy14.sendKeys(Unknown Source)
at com.dhruvanshtanwar.PageObjects.SignInPage.signUpWithNewAccount(SignInPage.java:69)
at tests.SignUpTest.testSignUp_WithValidCredentials_ShouldSucceed(SignUpTest.java:29)
at java.base/java.util.concurrent.Executors$RunnableAdapter.call(Executors.java:572)
at java.base/java.util.concurrent.FutureTask.run(FutureTask.java:317)
at java.base/java.util.concurrent.ThreadPoolExecutor.runWorker(ThreadPoolExecutor.java:1144)
at java.base/java.util.concurrent.ThreadPoolExecutor$Worker.run(ThreadPoolExecutor.java:642)
at java.base/java.lang.Thread.run(Thread.java:1583)
... Removed 14 stack frames]]>
    </failure>
  </testcase> <!-- testSignUp_WithValidCredentials_ShouldSucceed -->
  <testcase classname="tests.SignOutTest" name="testSignOut_Button_ShouldBeVisibleAfterLogin" time="1.81"/>
  <testcase classname="tests.SignUpTest" name="testSignUp_WithWeakPassword_ShouldShowValidationError" time="0.629"/>
  <testcase classname="tests.SignOutTest" name="testSignOut_WhenLoggedIn_ShouldRedirectToLogin" time="1.597"/>
</testsuite> <!-- All-Test -->
