<?xml version="1.0" encoding="UTF-8"?>
<!-- Generated by org.testng.reporters.JUnitXMLReporter -->
<testsuite ignored="0" hostname="Dan" failures="0" tests="5" name="Sign-in-Tests" time="21.481" errors="0" timestamp="2025-05-01T14:26:34 IST">
  <testcase classname="tests.SignOutTest" name="testSignOut_AccessGetStartedUrl_ShouldRedirectToHomePage" time="2.271"/>
  <testcase classname="tests.SignOutTest" name="testSignOut_AccessLaunchChildNetworkPage_ShouldRedirectToHomePage" time="1.6"/>
  <testcase classname="tests.SignOutTest" name="testSignOut_AccessOnboardingPage_ShouldRedirectToHomePage" time="1.604"/>
  <testcase classname="tests.SignOutTest" name="testSignOut_Button_ShouldBeVisibleAfterLogin" time="1.397"/>
  <testcase classname="tests.SignOutTest" name="testSignOut_WhenLoggedIn_ShouldRedirectToLogin" time="2.413"/>
</testsuite> <!-- Sign-in-Tests -->
